0 info it worked if it ends with ok
1 verbose cli [ '/home/tsmith/.node/bin/node',
1 verbose cli   '/home/tsmith/.node/bin/npm',
1 verbose cli   'run',
1 verbose cli   'build' ]
2 info using npm@3.10.8
3 info using node@v6.8.1
4 verbose run-script [ 'prebuild', 'build', 'postbuild' ]
5 info lifecycle ng-webpackify@1.0.0~prebuild: ng-webpackify@1.0.0
6 silly lifecycle ng-webpackify@1.0.0~prebuild: no script for prebuild, continuing
7 info lifecycle ng-webpackify@1.0.0~build: ng-webpackify@1.0.0
8 verbose lifecycle ng-webpackify@1.0.0~build: unsafe-perm in lifecycle true
9 verbose lifecycle ng-webpackify@1.0.0~build: PATH: /home/tsmith/.node/lib/node_modules/npm/bin/node-gyp-bin:/home/tsmith/codefellows/401/labs/ng-webpackify/node_modules/.bin:/home/tsmith/.node/bin:/usr/local/heroku/bin:/usr/local/heroku/bin:/usr/local/sbin:/usr/local/bin:/usr/sbin:/usr/bin:/sbin:/bin:/usr/games:/usr/local/games:/home/tsmith/Downloads/mongodb/bin
10 verbose lifecycle ng-webpackify@1.0.0~build: CWD: /home/tsmith/codefellows/401/labs/ng-webpackify
11 silly lifecycle ng-webpackify@1.0.0~build: Args: [ '-c', 'webpack' ]
12 silly lifecycle ng-webpackify@1.0.0~build: Returned: code: 1  signal: null
13 info lifecycle ng-webpackify@1.0.0~build: Failed to exec build script
14 verbose stack Error: ng-webpackify@1.0.0 build: `webpack`
14 verbose stack Exit status 1
14 verbose stack     at EventEmitter.<anonymous> (/home/tsmith/.node/lib/node_modules/npm/lib/utils/lifecycle.js:255:16)
14 verbose stack     at emitTwo (events.js:106:13)
14 verbose stack     at EventEmitter.emit (events.js:191:7)
14 verbose stack     at ChildProcess.<anonymous> (/home/tsmith/.node/lib/node_modules/npm/lib/utils/spawn.js:40:14)
14 verbose stack     at emitTwo (events.js:106:13)
14 verbose stack     at ChildProcess.emit (events.js:191:7)
14 verbose stack     at maybeClose (internal/child_process.js:877:16)
14 verbose stack     at Process.ChildProcess._handle.onexit (internal/child_process.js:226:5)
15 verbose pkgid ng-webpackify@1.0.0
16 verbose cwd /home/tsmith/codefellows/401/labs/ng-webpackify
17 error Linux 4.2.0-42-generic
18 error argv "/home/tsmith/.node/bin/node" "/home/tsmith/.node/bin/npm" "run" "build"
19 error node v6.8.1
20 error npm  v3.10.8
21 error code ELIFECYCLE
22 error ng-webpackify@1.0.0 build: `webpack`
22 error Exit status 1
23 error Failed at the ng-webpackify@1.0.0 build script 'webpack'.
23 error Make sure you have the latest version of node.js and npm installed.
23 error If you do, this is most likely a problem with the ng-webpackify package,
23 error not with npm itself.
23 error Tell the author that this fails on your system:
23 error     webpack
23 error You can get information on how to open an issue for this project with:
23 error     npm bugs ng-webpackify
23 error Or if that isn't available, you can get their info via:
23 error     npm owner ls ng-webpackify
23 error There is likely additional logging output above.
24 verbose exit [ 1, true ]
